<?xml version="1.0" encoding="UTF-8"?>
<!-- Generated by org.testng.reporters.JUnitReportReporter -->
<testsuite hostname="LAPTOP-8TP6OQIJ" failures="0" tests="1" name="TestCases.VerifySignUP" time="16.835" errors="0" timestamp="2022-04-14T07:48:11 IST" skipped="0">
  <testcase classname="TestCases.VerifySignUP" name="signupData" time="16.835"/>
  <system-out/>
</testsuite> <!-- TestCases.VerifySignUP -->
